<?xml version="1.0" encoding="UTF-8"?>
<testsuite xmlns:xsi="http://www.w3.org/2001/XMLSchema-instance" xsi:noNamespaceSchemaLocation="https://maven.apache.org/surefire/maven-surefire-plugin/xsd/surefire-test-report.xsd" version="3.0.2" name="com.traceability.app.ApplicationContextLoadTest" time="8.291" tests="1" errors="0" skipped="0" failures="0">
  <properties>
[...]
</properties>
  <testcase name="contextLoadsAndTransactionSmokeTestPasses" classname="com.traceability.app.ApplicationContextLoadTest" time="0.811">
    <system-out><![CDATA[01:40:02.235 [main] INFO org.springframework.test.context.support.AnnotationConfigContextLoaderUtils -- Could not detect default configuration classes for test class [com.traceability.app.ApplicationContextLoadTest]: ApplicationContextLoadTest does not declare any static, non-private, non-final, nested classes annotated with @Configuration.
01:40:02.358 [main] INFO org.springframework.boot.test.context.SpringBootTestContextBootstrapper -- Found @SpringBootConfiguration com.traceability.app.TraceabilityApplication for test class com.traceability.app.ApplicationContextLoadTest
01:40:02.490 [main] INFO org.testcontainers.images.PullPolicy -- Image pull policy will be performed by: DefaultPullPolicy()
01:40:02.493 [main] INFO org.testcontainers.utility.ImageNameSubstitutor -- Image name substitution will be performed by: DefaultImageNameSubstitutor (composite of 'ConfigurationFileImageNameSubstitutor' and 'PrefixingImageNameSubstitutor')
01:40:02.523 [main] INFO org.testcontainers.DockerClientFactory -- Testcontainers version: 1.20.6
01:40:02.653 [main] INFO org.testcontainers.dockerclient.DockerClientProviderStrategy -- Loaded org.testcontainers.dockerclient.UnixSocketClientProviderStrategy from ~/.testcontainers.properties, will try it first
01:40:02.972 [main] INFO org.testcontainers.dockerclient.DockerClientProviderStrategy -- Found Docker environment with local Unix socket (unix:///var/run/docker.sock)
01:40:02.973 [main] INFO org.testcontainers.DockerClientFactory -- Docker host IP address is localhost
01:40:02.989 [main] INFO org.testcontainers.DockerClientFactory -- Connected to docker: 
  Server Version: 29.7.2
  API Version: 1.55
  Operating System: CachyOS
  Total Memory: 15379 MB
01:40:03.047 [main] INFO tc.testcontainers/ryuk:0.11.0 -- Creating container for image: testcontainers/ryuk:0.11.0
01:40:03.052 [main] INFO org.testcontainers.utility.RegistryAuthLocator -- Failure when attempting to lookup auth config. Please ignore if you don't have images in an authenticated registry. Details: (dockerImageName: testcontainers/ryuk:0.11.0, configFile: /home/carlos/.docker/config.json, configEnv: DOCKER_AUTH_CONFIG). Falling back to docker-java default behaviour. Exception message: Status 404: No config supplied. Checked in order: /home/carlos/.docker/config.json (file not found), DOCKER_AUTH_CONFIG (not set)
01:40:03.317 [main] INFO tc.testcontainers/ryuk:0.11.0 -- Container testcontainers/ryuk:0.11.0 is starting: c6d707a34fb342a92b0c740c844d1d225710ac43b77af94d7a4c4a6530e60be3
01:40:03.623 [main] INFO tc.testcontainers/ryuk:0.11.0 -- Container testcontainers/ryuk:0.11.0 started in PT0.575309826S
01:40:03.630 [main] INFO org.testcontainers.utility.RyukResourceReaper -- Ryuk started - will monitor and terminate Testcontainers containers on JVM exit
01:40:03.630 [main] INFO org.testcontainers.DockerClientFactory -- Checking the system...
01:40:03.630 [main] INFO org.testcontainers.DockerClientFactory -- ✔︎ Docker server version should be at least 1.6.0
01:40:03.631 [main] INFO tc.mongo:6.0 -- Creating container for image: mongo:6.0
01:40:03.780 [main] INFO tc.mongo:6.0 -- Container mongo:6.0 is starting: c6fcf4fbe073a6c80e5756c3dcdd79916b9d3b5a6c4d57d72ba4b491b71f964c
01:40:04.488 [main] INFO tc.mongo:6.0 -- Container mongo:6.0 started in PT0.85725425S

  .   ____          _            __ _ _
 /\\ / ___'_ __ _ _(_)_ __  __ _ \ \ \ \
( ( )\___ | '_ | '_| | '_ \/ _` | \ \ \ \
 \\/  ___)| |_)| | | | | || (_| |  ) ) ) )
  '  |____| .__|_| |_|_| |_\__, | / / / /
 =========|_|==============|___/=/_/_/_/

 :: Spring Boot ::                (v3.4.4)

2026-09-02T01:40:06.162-05:00  INFO 391773 --- [traceability-engine] [           main] c.t.app.ApplicationContextLoadTest       : Starting ApplicationContextLoadTest using Java 21.0.12 with PID 391773 (started by carlos in /home/carlos/Proyectos/Donaciones/app)
2026-09-02T01:40:06.163-05:00  INFO 391773 --- [traceability-engine] [           main] c.t.app.ApplicationContextLoadTest       : No active profile set, falling back to 1 default profile: "default"
2026-09-02T01:40:06.593-05:00  INFO 391773 --- [traceability-engine] [           main] .s.d.r.c.RepositoryConfigurationDelegate : Bootstrapping Spring Data MongoDB repositories in DEFAULT mode.
2026-09-02T01:40:06.701-05:00  INFO 391773 --- [traceability-engine] [           main] .s.d.r.c.RepositoryConfigurationDelegate : Finished Spring Data repository scanning in 101 ms. Found 8 MongoDB repository interfaces.
2026-09-02T01:40:07.380-05:00  INFO 391773 --- [traceability-engine] [           main] org.mongodb.driver.client                : MongoClient with metadata {"driver": {"name": "mongo-java-driver|sync|spring-boot", "version": "5.2.1"}, "os": {"type": "Linux", "name": "Linux", "architecture": "amd64", "version": "7.2.2-1-cachyos"}, "platform": "Java/Arch Linux/21.0.12+8"} created with settings MongoClientSettings{readPreference=primary, writeConcern=WriteConcern{w=null, wTimeout=null ms, journal=null}, retryWrites=true, retryReads=true, readConcern=ReadConcern{level=null}, credential=null, transportSettings=null, commandListeners=[], codecRegistry=ProvidersCodecRegistry{codecProviders=[ValueCodecProvider{}, BsonValueCodecProvider{}, DBRefCodecProvider{}, DBObjectCodecProvider{}, DocumentCodecProvider{}, CollectionCodecProvider{}, IterableCodecProvider{}, MapCodecProvider{}, GeoJsonCodecProvider{}, GridFSFileCodecProvider{}, Jsr310CodecProvider{}, JsonObjectCodecProvider{}, BsonCodecProvider{}, EnumCodecProvider{}, com.mongodb.client.model.mql.ExpressionCodecProvider@4654e373, com.mongodb.Jep395RecordCodecProvider@2474df51, com.mongodb.KotlinCodecProvider@2864d34d]}, loggerSettings=LoggerSettings{maxDocumentLength=1000}, clusterSettings={hosts=[localhost:32887], srvServiceName=mongodb, mode=SINGLE, requiredClusterType=UNKNOWN, requiredReplicaSetName='null', serverSelector='null', clusterListeners='[]', serverSelectionTimeout='30000 ms', localThreshold='15 ms'}, socketSettings=SocketSettings{connectTimeoutMS=10000, readTimeoutMS=0, receiveBufferSize=0, proxySettings=ProxySettings{host=null, port=null, username=null, password=null}}, heartbeatSocketSettings=SocketSettings{connectTimeoutMS=10000, readTimeoutMS=10000, receiveBufferSize=0, proxySettings=ProxySettings{host=null, port=null, username=null, password=null}}, connectionPoolSettings=ConnectionPoolSettings{maxSize=100, minSize=0, maxWaitTimeMS=120000, maxConnectionLifeTimeMS=0, maxConnectionIdleTimeMS=0, maintenanceInitialDelayMS=0, maintenanceFrequencyMS=60000, connectionPoolListeners=[], maxConnecting=2}, serverSettings=ServerSettings{heartbeatFrequencyMS=10000, minHeartbeatFrequencyMS=500, serverMonitoringMode=AUTO, serverListeners='[]', serverMonitorListeners='[]'}, sslSettings=SslSettings{enabled=false, invalidHostNameAllowed=false, context=null}, applicationName='null', compressorList=[], uuidRepresentation=JAVA_LEGACY, serverApi=null, autoEncryptionSettings=null, dnsClient=null, inetAddressResolver=null, contextProvider=null, timeoutMS=null}
2026-09-02T01:40:07.432-05:00  INFO 391773 --- [traceability-engine] [localhost:32887] org.mongodb.driver.cluster               : Monitor thread successfully connected to server with description ServerDescription{address=localhost:32887, type=REPLICA_SET_PRIMARY, cryptd=false, state=CONNECTED, ok=true, minWireVersion=0, maxWireVersion=17, maxDocumentSize=16777216, logicalSessionTimeoutMinutes=30, roundTripTimeNanos=40569648, minRoundTripTimeNanos=0, setName='rs0', canonicalAddress=c6fcf4fbe073:27017, hosts=[c6fcf4fbe073:27017], passives=[], arbiters=[], primary='c6fcf4fbe073:27017', tagSet=TagSet{[]}, electionId=7fffffff0000000000000001, setVersion=1, topologyVersion=TopologyVersion{processId=6a97c4c4bd77a3103159eb6e, counter=6}, lastWriteDate=Wed Sep 02 01:40:05 COT 2026, lastUpdateTimeNanos=43500482538579}
2026-09-02T01:40:09.070-05:00  INFO 391773 --- [traceability-engine] [           main] c.t.app.ApplicationContextLoadTest       : Started ApplicationContextLoadTest in 3.16 seconds (process running for 7.391)
]]></system-out>
    <system-err><![CDATA[Mockito is currently self-attaching to enable the inline-mock-maker. This will no longer work in future releases of the JDK. Please add Mockito as an agent to your build what is described in Mockito's documentation: https://javadoc.io/doc/org.mockito/mockito-core/latest/org/mockito/Mockito.html#0.3
WARNING: A Java agent has been loaded dynamically (/home/carlos/.m2/repository/net/bytebuddy/byte-buddy-agent/1.15.11/byte-buddy-agent-1.15.11.jar)
WARNING: If a serviceability tool is in use, please run with -XX:+EnableDynamicAgentLoading to hide this warning
WARNING: If a serviceability tool is not in use, please run with -Djdk.instrument.traceUsage for more information
WARNING: Dynamic loading of agents will be disallowed by default in a future release
]]></system-err>
  </testcase>
</testsuite>