<?xml version="1.0" encoding="UTF-8"?>
<testsuite xmlns:xsi="http://www.w3.org/2001/XMLSchema-instance" xsi:noNamespaceSchemaLocation="https://maven.apache.org/surefire/maven-surefire-plugin/xsd/surefire-test-report.xsd" version="3.0.2" name="com.traceability.crypto.infrastructure.persistence.mongo.MerkleBatchMongoAdapterTest" time="3.825" tests="15" errors="0" skipped="0" failures="0">
  <properties>
[...]
</properties>
  <testcase name="testRollbackWhenNoPendingBatch" classname="com.traceability.crypto.infrastructure.persistence.mongo.MerkleBatchMongoAdapterTest" time="0.144">
    <system-out><![CDATA[21:48:15.584 [main] INFO tc.mongo:6.0 -- Creating container for image: mongo:6.0
21:48:15.704 [main] INFO tc.mongo:6.0 -- Container mongo:6.0 is starting: 0d1904cd2fc12f490001c26e95f49303ac4e1fe606f8c908ab0e035ea01a38bf
21:48:16.203 [main] INFO tc.mongo:6.0 -- Container mongo:6.0 started in PT0.619210497S

  .   ____          _            __ _ _
 /\\ / ___'_ __ _ _(_)_ __  __ _ \ \ \ \
( ( )\___ | '_ | '_| | '_ \/ _` | \ \ \ \
 \\/  ___)| |_)| | | | | || (_| |  ) ) ) )
  '  |____| .__|_| |_|_| |_\__, | / / / /
 =========|_|==============|___/=/_/_/_/

 :: Spring Boot ::                (v3.4.4)

2026-09-01T21:48:17.164-05:00  INFO 276795 --- [           main] c.t.c.i.p.m.MerkleBatchMongoAdapterTest  : Starting MerkleBatchMongoAdapterTest using Java 21.0.12 with PID 276795 (started by carlos in /home/carlos/Proyectos/Donaciones/crypto)
2026-09-01T21:48:17.165-05:00  INFO 276795 --- [           main] c.t.c.i.p.m.MerkleBatchMongoAdapterTest  : No active profile set, falling back to 1 default profile: "default"
2026-09-01T21:48:17.391-05:00  INFO 276795 --- [           main] .s.d.r.c.RepositoryConfigurationDelegate : Bootstrapping Spring Data MongoDB repositories in DEFAULT mode.
2026-09-01T21:48:17.422-05:00  INFO 276795 --- [           main] .s.d.r.c.RepositoryConfigurationDelegate : Finished Spring Data repository scanning in 25 ms. Found 1 MongoDB repository interface.
2026-09-01T21:48:17.734-05:00  INFO 276795 --- [           main] org.mongodb.driver.client                : MongoClient with metadata {"driver": {"name": "mongo-java-driver|sync|spring-boot", "version": "5.2.1"}, "os": {"type": "Linux", "name": "Linux", "architecture": "amd64", "version": "7.2.2-1-cachyos"}, "platform": "Java/Arch Linux/21.0.12+8"} created with settings MongoClientSettings{readPreference=primary, writeConcern=WriteConcern{w=null, wTimeout=null ms, journal=null}, retryWrites=true, retryReads=true, readConcern=ReadConcern{level=null}, credential=null, transportSettings=null, commandListeners=[], codecRegistry=ProvidersCodecRegistry{codecProviders=[ValueCodecProvider{}, BsonValueCodecProvider{}, DBRefCodecProvider{}, DBObjectCodecProvider{}, DocumentCodecProvider{}, CollectionCodecProvider{}, IterableCodecProvider{}, MapCodecProvider{}, GeoJsonCodecProvider{}, GridFSFileCodecProvider{}, Jsr310CodecProvider{}, JsonObjectCodecProvider{}, BsonCodecProvider{}, EnumCodecProvider{}, com.mongodb.client.model.mql.ExpressionCodecProvider@2e43e47b, com.mongodb.Jep395RecordCodecProvider@79dd358f, com.mongodb.KotlinCodecProvider@1f38b41a]}, loggerSettings=LoggerSettings{maxDocumentLength=1000}, clusterSettings={hosts=[localhost:32844], srvServiceName=mongodb, mode=SINGLE, requiredClusterType=UNKNOWN, requiredReplicaSetName='null', serverSelector='null', clusterListeners='[]', serverSelectionTimeout='30000 ms', localThreshold='15 ms'}, socketSettings=SocketSettings{connectTimeoutMS=10000, readTimeoutMS=0, receiveBufferSize=0, proxySettings=ProxySettings{host=null, port=null, username=null, password=null}}, heartbeatSocketSettings=SocketSettings{connectTimeoutMS=10000, readTimeoutMS=10000, receiveBufferSize=0, proxySettings=ProxySettings{host=null, port=null, username=null, password=null}}, connectionPoolSettings=ConnectionPoolSettings{maxSize=100, minSize=0, maxWaitTimeMS=120000, maxConnectionLifeTimeMS=0, maxConnectionIdleTimeMS=0, maintenanceInitialDelayMS=0, maintenanceFrequencyMS=60000, connectionPoolListeners=[], maxConnecting=2}, serverSettings=ServerSettings{heartbeatFrequencyMS=10000, minHeartbeatFrequencyMS=500, serverMonitoringMode=AUTO, serverListeners='[]', serverMonitorListeners='[]'}, sslSettings=SslSettings{enabled=false, invalidHostNameAllowed=false, context=null}, applicationName='null', compressorList=[], uuidRepresentation=JAVA_LEGACY, serverApi=null, autoEncryptionSettings=null, dnsClient=null, inetAddressResolver=null, contextProvider=null, timeoutMS=null}
2026-09-01T21:48:17.755-05:00  INFO 276795 --- [localhost:32844] org.mongodb.driver.cluster               : Monitor thread successfully connected to server with description ServerDescription{address=localhost:32844, type=REPLICA_SET_PRIMARY, cryptd=false, state=CONNECTED, ok=true, minWireVersion=0, maxWireVersion=17, maxDocumentSize=16777216, logicalSessionTimeoutMinutes=30, roundTripTimeNanos=16226080, minRoundTripTimeNanos=0, setName='rs0', canonicalAddress=0d1904cd2fc1:27017, hosts=[0d1904cd2fc1:27017], passives=[], arbiters=[], primary='0d1904cd2fc1:27017', tagSet=TagSet{[]}, electionId=7fffffff0000000000000001, setVersion=1, topologyVersion=TopologyVersion{processId=6a978e6fadc73e822283d455, counter=6}, lastWriteDate=Tue Sep 01 21:48:16 COT 2026, lastUpdateTimeNanos=29590808889950}
2026-09-01T21:48:18.066-05:00  INFO 276795 --- [           main] c.t.c.i.p.m.MerkleBatchMongoAdapterTest  : Started MerkleBatchMongoAdapterTest in 1.062 seconds (process running for 8.064)
]]></system-out>
  </testcase>
  <testcase name="testFindSubmittingWithoutTxHashAndNonce_returnsEmptyWhenNone" classname="com.traceability.crypto.infrastructure.persistence.mongo.MerkleBatchMongoAdapterTest" time="0.013"/>
  <testcase name="testFindSubmittingWithoutTxHashAndNonce_findsBatchWithoutTxHash" classname="com.traceability.crypto.infrastructure.persistence.mongo.MerkleBatchMongoAdapterTest" time="0.053"/>
  <testcase name="testFindSubmittingWithoutTxHashAndNonce_ignoresBatchesWithTxHash" classname="com.traceability.crypto.infrastructure.persistence.mongo.MerkleBatchMongoAdapterTest" time="0.034"/>
  <testcase name="testConcurrency_TwoThreadsClaimSingleBatch" classname="com.traceability.crypto.infrastructure.persistence.mongo.MerkleBatchMongoAdapterTest" time="0.126"/>
  <testcase name="testMarkStuck_changesStatus" classname="com.traceability.crypto.infrastructure.persistence.mongo.MerkleBatchMongoAdapterTest" time="0.045"/>
  <testcase name="testFindSubmittingWithoutTxHashOlderThan_ShouldNotReturnNewlyClaimedBatch" classname="com.traceability.crypto.infrastructure.persistence.mongo.MerkleBatchMongoAdapterTest" time="0.071"/>
  <testcase name="testFindSubmittingWithoutTxHashOlderThan_ignoresBatchesTooNew" classname="com.traceability.crypto.infrastructure.persistence.mongo.MerkleBatchMongoAdapterTest" time="0.038"/>
  <testcase name="testFindSubmittedOlderFirst_returnsSorted" classname="com.traceability.crypto.infrastructure.persistence.mongo.MerkleBatchMongoAdapterTest" time="0.045"/>
  <testcase name="testMarkFailed_changesStatus" classname="com.traceability.crypto.infrastructure.persistence.mongo.MerkleBatchMongoAdapterTest" time="0.042"/>
  <testcase name="testMarkAnchored_setsBlockNumberAndTimestamp" classname="com.traceability.crypto.infrastructure.persistence.mongo.MerkleBatchMongoAdapterTest" time="0.046"/>
  <testcase name="testKeepSubmittingWithSameNonce_preservesNonce" classname="com.traceability.crypto.infrastructure.persistence.mongo.MerkleBatchMongoAdapterTest" time="0.045"/>
  <testcase name="testMarkAnchorMismatch_changesStatus" classname="com.traceability.crypto.infrastructure.persistence.mongo.MerkleBatchMongoAdapterTest" time="0.044"/>
  <testcase name="testFindSubmittingWithoutTxHashOlderThan_findsBatchesBefore" classname="com.traceability.crypto.infrastructure.persistence.mongo.MerkleBatchMongoAdapterTest" time="0.046"/>
  <testcase name="testReconcileSubmittingTimeout_setsNonceAndResets" classname="com.traceability.crypto.infrastructure.persistence.mongo.MerkleBatchMongoAdapterTest" time="0.049"/>
</testsuite>