<?xml version="1.0" encoding="UTF-8"?>
<testsuite xmlns:xsi="http://www.w3.org/2001/XMLSchema-instance" xsi:noNamespaceSchemaLocation="https://maven.apache.org/surefire/maven-surefire-plugin/xsd/surefire-test-report.xsd" version="3.0.2" name="com.traceability.crypto.domain.MerkleTreeTest" time="0.014" tests="4" errors="0" skipped="0" failures="0">
  <properties>
[...]
</properties>
  <testcase name="testBuild_EvenNumberOfLeaves" classname="com.traceability.crypto.domain.MerkleTreeTest" time="0.004"/>
  <testcase name="testBuild_SingleLeaf_RootIsLeaf" classname="com.traceability.crypto.domain.MerkleTreeTest" time="0.001"/>
  <testcase name="testBuild_OddNumberOfLeaves_DuplicatesLast" classname="com.traceability.crypto.domain.MerkleTreeTest" time="0.002"/>
  <testcase name="testBuild_EmptyList_ThrowsException" classname="com.traceability.crypto.domain.MerkleTreeTest" time="0.003"/>
</testsuite>