<?xml version="1.0" encoding="UTF-8"?>
<testsuite xmlns:xsi="http://www.w3.org/2001/XMLSchema-instance" xsi:noNamespaceSchemaLocation="https://maven.apache.org/surefire/maven-surefire-plugin/xsd/surefire-test-report.xsd" version="3.0.2" name="com.traceability.ai.application.service.DonorReportGeneratorTest" time="1.827" tests="9" errors="0" skipped="0" failures="0">
  <properties>
[...]
</properties>
  <testcase name="testGroundingFailure_GeneratesFallback" classname="com.traceability.ai.application.service.DonorReportGeneratorTest" time="1.16">
    <system-out><![CDATA[14:31:54.992 [ForkJoinPool.commonPool-worker-1] ERROR com.traceability.ai.application.service.DonorReportGenerator -- Generation failed for fund-2, persisting fallback
com.traceability.ai.domain.exception.NarrativeGroundingFailedException: Grounding validation failed for donation fund-2
	at com.traceability.ai.application.service.DonorReportGenerator.doGenerate(DonorReportGenerator.java:95)
	at com.traceability.ai.application.service.DonorReportGenerator.lambda$2(DonorReportGenerator.java:87)
	at java.base/java.util.concurrent.CompletableFuture$AsyncSupply.run(CompletableFuture.java:1768)
	at java.base/java.util.concurrent.CompletableFuture$AsyncSupply.exec(CompletableFuture.java:1760)
	at java.base/java.util.concurrent.ForkJoinTask.doExec(ForkJoinTask.java:387)
	at java.base/java.util.concurrent.ForkJoinPool$WorkQueue.topLevelExec(ForkJoinPool.java:1312)
	at java.base/java.util.concurrent.ForkJoinPool.scan(ForkJoinPool.java:1843)
	at java.base/java.util.concurrent.ForkJoinPool.runWorker(ForkJoinPool.java:1808)
	at java.base/java.util.concurrent.ForkJoinWorkerThread.run(ForkJoinWorkerThread.java:188)
]]></system-out>
    <system-err><![CDATA[Mockito is currently self-attaching to enable the inline-mock-maker. This will no longer work in future releases of the JDK. Please add Mockito as an agent to your build what is described in Mockito's documentation: https://javadoc.io/doc/org.mockito/mockito-core/latest/org/mockito/Mockito.html#0.3
WARNING: A Java agent has been loaded dynamically (/home/carlos/.m2/repository/net/bytebuddy/byte-buddy-agent/1.15.11/byte-buddy-agent-1.15.11.jar)
WARNING: If a serviceability tool is in use, please run with -XX:+EnableDynamicAgentLoading to hide this warning
WARNING: If a serviceability tool is not in use, please run with -Djdk.instrument.traceUsage for more information
WARNING: Dynamic loading of agents will be disallowed by default in a future release
]]></system-err>
  </testcase>
  <testcase name="testFallbackAfterTTL_CallsLLM" classname="com.traceability.ai.application.service.DonorReportGeneratorTest" time="0.015">
    <system-out><![CDATA[14:31:55.024 [main] INFO com.traceability.ai.application.service.DonorReportGenerator -- Fallback TTL expired for donation fund-3, re-attempting generation
]]></system-out>
  </testcase>
  <testcase name="testHappyPath" classname="com.traceability.ai.application.service.DonorReportGeneratorTest" time="0.007"/>
  <testcase name="testPromptSanitization" classname="com.traceability.ai.application.service.DonorReportGeneratorTest" time="0.088"/>
  <testcase name="testTimeout_GeneratesFallback" classname="com.traceability.ai.application.service.DonorReportGeneratorTest" time="0.011">
    <system-out><![CDATA[14:31:55.146 [ForkJoinPool.commonPool-worker-1] ERROR com.traceability.ai.application.service.DonorReportGenerator -- Generation failed for fund-timeout, persisting fallback
com.traceability.ai.domain.exception.NarrativeGenerationTimeoutException: Timeout
	at com.traceability.ai.application.service.DonorReportGenerator.doGenerate(DonorReportGenerator.java:93)
	at com.traceability.ai.application.service.DonorReportGenerator.lambda$2(DonorReportGenerator.java:87)
	at java.base/java.util.concurrent.CompletableFuture$AsyncSupply.run(CompletableFuture.java:1768)
	at java.base/java.util.concurrent.CompletableFuture$AsyncSupply.exec(CompletableFuture.java:1760)
	at java.base/java.util.concurrent.ForkJoinTask.doExec(ForkJoinTask.java:387)
	at java.base/java.util.concurrent.ForkJoinPool$WorkQueue.topLevelExec(ForkJoinPool.java:1312)
	at java.base/java.util.concurrent.ForkJoinPool.scan(ForkJoinPool.java:1843)
	at java.base/java.util.concurrent.ForkJoinPool.runWorker(ForkJoinPool.java:1808)
	at java.base/java.util.concurrent.ForkJoinWorkerThread.run(ForkJoinWorkerThread.java:188)
]]></system-out>
  </testcase>
  <testcase name="testProviderException_GeneratesFallback" classname="com.traceability.ai.application.service.DonorReportGeneratorTest" time="0.008">
    <system-out><![CDATA[14:31:55.155 [ForkJoinPool.commonPool-worker-1] ERROR com.traceability.ai.application.service.DonorReportGenerator -- Generation failed for fund-err, persisting fallback
com.traceability.ai.domain.exception.NarrativeProviderException: Provider error
	at com.traceability.ai.application.service.DonorReportGenerator.doGenerate(DonorReportGenerator.java:93)
	at com.traceability.ai.application.service.DonorReportGenerator.lambda$2(DonorReportGenerator.java:87)
	at java.base/java.util.concurrent.CompletableFuture$AsyncSupply.run(CompletableFuture.java:1768)
	at java.base/java.util.concurrent.CompletableFuture$AsyncSupply.exec(CompletableFuture.java:1760)
	at java.base/java.util.concurrent.ForkJoinTask.doExec(ForkJoinTask.java:387)
	at java.base/java.util.concurrent.ForkJoinPool$WorkQueue.topLevelExec(ForkJoinPool.java:1312)
	at java.base/java.util.concurrent.ForkJoinPool.scan(ForkJoinPool.java:1843)
	at java.base/java.util.concurrent.ForkJoinPool.runWorker(ForkJoinPool.java:1808)
	at java.base/java.util.concurrent.ForkJoinWorkerThread.run(ForkJoinWorkerThread.java:188)
]]></system-out>
  </testcase>
  <testcase name="testCacheIsolationByPromptTemplateVersion" classname="com.traceability.ai.application.service.DonorReportGeneratorTest" time="0.007"/>
  <testcase name="testFallbackWithinTTL_ReturnsCached" classname="com.traceability.ai.application.service.DonorReportGeneratorTest" time="0.004">
    <system-out><![CDATA[14:31:55.169 [main] INFO com.traceability.ai.application.service.DonorReportGenerator -- Returning cached fallback for donation fund-3
]]></system-out>
  </testcase>
  <testcase name="testSingleFlightConcurrency" classname="com.traceability.ai.application.service.DonorReportGeneratorTest" time="0.508"/>
</testsuite>