<?xml version="1.0" encoding="UTF-8"?>
<testsuite xmlns:xsi="http://www.w3.org/2001/XMLSchema-instance" xsi:noNamespaceSchemaLocation="https://maven.apache.org/surefire/maven-surefire-plugin/xsd/surefire-test-report.xsd" version="3.0.2" name="com.traceability.core.application.projection.DonationProjectionIntegrationTest" time="8.311" tests="5" errors="0" skipped="0" failures="0">
  <properties>
[...]
</properties>
  <testcase name="testRebuildWithConcurrentEvent" classname="com.traceability.core.application.projection.DonationProjectionIntegrationTest" time="5.247">
    <system-out><![CDATA[2026-09-01T13:34:41.295-05:00  INFO 39609 --- [           main] tc.mongo:6.0                             : Creating container for image: mongo:6.0
2026-09-01T13:34:41.443-05:00  INFO 39609 --- [           main] tc.mongo:6.0                             : Container mongo:6.0 is starting: c6960772ce6ebc25034c77564f916e1020f03707e956a163b942a6d1695b884f
2026-09-01T13:34:41.506-05:00  INFO 39609 --- [localhost:32783] org.mongodb.driver.cluster               : Exception in monitor thread while connecting to server localhost:32783

com.mongodb.MongoSocketOpenException: Exception opening socket
	at com.mongodb.internal.connection.SocketStream.lambda$open$0(SocketStream.java:85) ~[mongodb-driver-core-5.2.1.jar:na]
	at java.base/java.util.Optional.orElseThrow(Optional.java:403) ~[na:na]
	at com.mongodb.internal.connection.SocketStream.open(SocketStream.java:85) ~[mongodb-driver-core-5.2.1.jar:na]
	at com.mongodb.internal.connection.InternalStreamConnection.open(InternalStreamConnection.java:233) ~[mongodb-driver-core-5.2.1.jar:na]
	at com.mongodb.internal.connection.DefaultServerMonitor$ServerMonitor.lookupServerDescription(DefaultServerMonitor.java:219) ~[mongodb-driver-core-5.2.1.jar:na]
	at com.mongodb.internal.connection.DefaultServerMonitor$ServerMonitor.run(DefaultServerMonitor.java:176) ~[mongodb-driver-core-5.2.1.jar:na]
Caused by: java.net.ConnectException: Conexión rehusada
	at java.base/sun.nio.ch.Net.pollConnect(Native Method) ~[na:na]
	at java.base/sun.nio.ch.Net.pollConnectNow(Net.java:694) ~[na:na]
	at java.base/sun.nio.ch.NioSocketImpl.timedFinishConnect(NioSocketImpl.java:542) ~[na:na]
	at java.base/sun.nio.ch.NioSocketImpl.connect(NioSocketImpl.java:592) ~[na:na]
	at java.base/java.net.SocksSocketImpl.connect(SocksSocketImpl.java:327) ~[na:na]
	at java.base/java.net.Socket.connect(Socket.java:751) ~[na:na]
	at com.mongodb.internal.connection.SocketStreamHelper.initialize(SocketStreamHelper.java:76) ~[mongodb-driver-core-5.2.1.jar:na]
	at com.mongodb.internal.connection.SocketStream.initializeSocket(SocketStream.java:104) ~[mongodb-driver-core-5.2.1.jar:na]
	at com.mongodb.internal.connection.SocketStream.open(SocketStream.java:79) ~[mongodb-driver-core-5.2.1.jar:na]
	... 3 common frames omitted

2026-09-01T13:34:42.050-05:00  INFO 39609 --- [           main] tc.mongo:6.0                             : Container mongo:6.0 started in PT0.75507157S

  .   ____          _            __ _ _
 /\\ / ___'_ __ _ _(_)_ __  __ _ \ \ \ \
( ( )\___ | '_ | '_| | '_ \/ _` | \ \ \ \
 \\/  ___)| |_)| | | | | || (_| |  ) ) ) )
  '  |____| .__|_| |_|_| |_\__, | / / / /
 =========|_|==============|___/=/_/_/_/

 :: Spring Boot ::                (v3.4.4)

2026-09-01T13:34:43.147-05:00  INFO 39609 --- [           main] .c.a.p.DonationProjectionIntegrationTest : Starting DonationProjectionIntegrationTest using Java 21.0.12 with PID 39609 (started by carlos in /home/carlos/Proyectos/Donaciones/core)
2026-09-01T13:34:43.147-05:00  INFO 39609 --- [           main] .c.a.p.DonationProjectionIntegrationTest : No active profile set, falling back to 1 default profile: "default"
2026-09-01T13:34:43.254-05:00  INFO 39609 --- [           main] .s.d.r.c.RepositoryConfigurationDelegate : Bootstrapping Spring Data MongoDB repositories in DEFAULT mode.
2026-09-01T13:34:43.267-05:00  INFO 39609 --- [           main] .s.d.r.c.RepositoryConfigurationDelegate : Finished Spring Data repository scanning in 11 ms. Found 6 MongoDB repository interfaces.
2026-09-01T13:34:43.327-05:00  INFO 39609 --- [           main] org.mongodb.driver.client                : MongoClient with metadata {"driver": {"name": "mongo-java-driver|sync|spring-boot", "version": "5.2.1"}, "os": {"type": "Linux", "name": "Linux", "architecture": "amd64", "version": "7.2.2-1-cachyos"}, "platform": "Java/Arch Linux/21.0.12+8"} created with settings MongoClientSettings{readPreference=primary, writeConcern=WriteConcern{w=null, wTimeout=null ms, journal=null}, retryWrites=true, retryReads=true, readConcern=ReadConcern{level=null}, credential=null, transportSettings=null, commandListeners=[], codecRegistry=ProvidersCodecRegistry{codecProviders=[ValueCodecProvider{}, BsonValueCodecProvider{}, DBRefCodecProvider{}, DBObjectCodecProvider{}, DocumentCodecProvider{}, CollectionCodecProvider{}, IterableCodecProvider{}, MapCodecProvider{}, GeoJsonCodecProvider{}, GridFSFileCodecProvider{}, Jsr310CodecProvider{}, JsonObjectCodecProvider{}, BsonCodecProvider{}, EnumCodecProvider{}, com.mongodb.client.model.mql.ExpressionCodecProvider@47fca3cc, com.mongodb.Jep395RecordCodecProvider@55746340, com.mongodb.KotlinCodecProvider@6a0c7af6]}, loggerSettings=LoggerSettings{maxDocumentLength=1000}, clusterSettings={hosts=[localhost:32784], srvServiceName=mongodb, mode=SINGLE, requiredClusterType=UNKNOWN, requiredReplicaSetName='null', serverSelector='null', clusterListeners='[]', serverSelectionTimeout='30000 ms', localThreshold='15 ms'}, socketSettings=SocketSettings{connectTimeoutMS=10000, readTimeoutMS=0, receiveBufferSize=0, proxySettings=ProxySettings{host=null, port=null, username=null, password=null}}, heartbeatSocketSettings=SocketSettings{connectTimeoutMS=10000, readTimeoutMS=10000, receiveBufferSize=0, proxySettings=ProxySettings{host=null, port=null, username=null, password=null}}, connectionPoolSettings=ConnectionPoolSettings{maxSize=100, minSize=0, maxWaitTimeMS=120000, maxConnectionLifeTimeMS=0, maxConnectionIdleTimeMS=0, maintenanceInitialDelayMS=0, maintenanceFrequencyMS=60000, connectionPoolListeners=[], maxConnecting=2}, serverSettings=ServerSettings{heartbeatFrequencyMS=10000, minHeartbeatFrequencyMS=500, serverMonitoringMode=AUTO, serverListeners='[]', serverMonitorListeners='[]'}, sslSettings=SslSettings{enabled=false, invalidHostNameAllowed=false, context=null}, applicationName='null', compressorList=[], uuidRepresentation=JAVA_LEGACY, serverApi=null, autoEncryptionSettings=null, dnsClient=null, inetAddressResolver=null, contextProvider=null, timeoutMS=null}
2026-09-01T13:34:43.329-05:00  INFO 39609 --- [localhost:32784] org.mongodb.driver.cluster               : Monitor thread successfully connected to server with description ServerDescription{address=localhost:32784, type=REPLICA_SET_PRIMARY, cryptd=false, state=CONNECTED, ok=true, minWireVersion=0, maxWireVersion=17, maxDocumentSize=16777216, logicalSessionTimeoutMinutes=30, roundTripTimeNanos=1279069, minRoundTripTimeNanos=0, setName='rs0', canonicalAddress=c6960772ce6e:27017, hosts=[c6960772ce6e:27017], passives=[], arbiters=[], primary='c6960772ce6e:27017', tagSet=TagSet{[]}, electionId=7fffffff0000000000000001, setVersion=1, topologyVersion=TopologyVersion{processId=6a971ac181008d4dd216daeb, counter=6}, lastWriteDate=Tue Sep 01 13:34:42 COT 2026, lastUpdateTimeNanos=4243830502307}
2026-09-01T13:34:43.422-05:00  INFO 39609 --- [           main] .c.a.p.DonationProjectionIntegrationTest : Started DonationProjectionIntegrationTest in 0.298 seconds (process running for 11.539)
]]></system-out>
  </testcase>
  <testcase name="testGapAndRetry" classname="com.traceability.core.application.projection.DonationProjectionIntegrationTest" time="0.117"/>
  <testcase name="testPauseAndResume" classname="com.traceability.core.application.projection.DonationProjectionIntegrationTest" time="0.15"/>
  <testcase name="testDuplicateEventIdempotency" classname="com.traceability.core.application.projection.DonationProjectionIntegrationTest" time="0.06"/>
  <testcase name="testAssetSplit" classname="com.traceability.core.application.projection.DonationProjectionIntegrationTest" time="0.219"/>
</testsuite>