<?xml version="1.0" encoding="UTF-8"?>
<testsuite xmlns:xsi="http://www.w3.org/2001/XMLSchema-instance" xsi:noNamespaceSchemaLocation="https://maven.apache.org/surefire/maven-surefire-plugin/xsd/surefire-test-report.xsd" version="3.0.2" name="com.traceability.core.application.projection.DonationProjectionIntegrationTest" time="22.413" tests="30" errors="0" skipped="0" failures="0">
  <properties>
[...]
</properties>
  <testcase name="testA3_FundRegisteredThenFundsClearedOriginalAmount" classname="com.traceability.core.application.projection.DonationProjectionIntegrationTest" time="0.243">
    <system-out><![CDATA[19:21:06.957 [main] INFO org.testcontainers.images.PullPolicy -- Image pull policy will be performed by: DefaultPullPolicy()
19:21:06.960 [main] INFO org.testcontainers.utility.ImageNameSubstitutor -- Image name substitution will be performed by: DefaultImageNameSubstitutor (composite of 'ConfigurationFileImageNameSubstitutor' and 'PrefixingImageNameSubstitutor')
19:21:06.977 [main] INFO org.testcontainers.DockerClientFactory -- Testcontainers version: 1.20.6
19:21:07.073 [main] INFO org.testcontainers.dockerclient.DockerClientProviderStrategy -- Loaded org.testcontainers.dockerclient.UnixSocketClientProviderStrategy from ~/.testcontainers.properties, will try it first
19:21:07.249 [main] INFO org.testcontainers.dockerclient.DockerClientProviderStrategy -- Found Docker environment with local Unix socket (unix:///var/run/docker.sock)
19:21:07.251 [main] INFO org.testcontainers.DockerClientFactory -- Docker host IP address is localhost
19:21:07.264 [main] INFO org.testcontainers.DockerClientFactory -- Connected to docker: 
  Server Version: 29.7.2
  API Version: 1.55
  Operating System: CachyOS
  Total Memory: 15378 MB
19:21:07.302 [main] INFO tc.testcontainers/ryuk:0.11.0 -- Creating container for image: testcontainers/ryuk:0.11.0
19:21:07.306 [main] INFO org.testcontainers.utility.RegistryAuthLocator -- Failure when attempting to lookup auth config. Please ignore if you don't have images in an authenticated registry. Details: (dockerImageName: testcontainers/ryuk:0.11.0, configFile: /home/carlos/.docker/config.json, configEnv: DOCKER_AUTH_CONFIG). Falling back to docker-java default behaviour. Exception message: Status 404: No config supplied. Checked in order: /home/carlos/.docker/config.json (file not found), DOCKER_AUTH_CONFIG (not set)
19:21:07.518 [main] INFO tc.testcontainers/ryuk:0.11.0 -- Container testcontainers/ryuk:0.11.0 is starting: aadfbe0d863f21cd036c29867b1b43129553282b6bca3315b64d17140a1ee710
19:21:07.768 [main] INFO tc.testcontainers/ryuk:0.11.0 -- Container testcontainers/ryuk:0.11.0 started in PT0.465988482S
19:21:07.771 [main] INFO org.testcontainers.utility.RyukResourceReaper -- Ryuk started - will monitor and terminate Testcontainers containers on JVM exit
19:21:07.772 [main] INFO org.testcontainers.DockerClientFactory -- Checking the system...
19:21:07.772 [main] INFO org.testcontainers.DockerClientFactory -- ✔︎ Docker server version should be at least 1.6.0
19:21:07.772 [main] INFO tc.mongo:6.0 -- Creating container for image: mongo:6.0
19:21:07.908 [main] INFO tc.mongo:6.0 -- Container mongo:6.0 is starting: eb96e30392de540978c42ec91d6a9944d23fbbcd4ab127e4423299b67585f01d
19:21:08.431 [main] INFO tc.mongo:6.0 -- Container mongo:6.0 started in PT0.658695142S

  .   ____          _            __ _ _
 /\\ / ___'_ __ _ _(_)_ __  __ _ \ \ \ \
( ( )\___ | '_ | '_| | '_ \/ _` | \ \ \ \
 \\/  ___)| |_)| | | | | || (_| |  ) ) ) )
  '  |____| .__|_| |_|_| |_\__, | / / / /
 =========|_|==============|___/=/_/_/_/

 :: Spring Boot ::                (v3.4.4)

2026-09-06T19:21:09.460-05:00  INFO 103365 --- [           main] .c.a.p.DonationProjectionIntegrationTest : Starting DonationProjectionIntegrationTest using Java 21.0.12 with PID 103365 (started by carlos in /home/carlos/Proyectos/Donaciones/core)
2026-09-06T19:21:09.461-05:00  INFO 103365 --- [           main] .c.a.p.DonationProjectionIntegrationTest : No active profile set, falling back to 1 default profile: "default"
2026-09-06T19:21:09.687-05:00  INFO 103365 --- [           main] .s.d.r.c.RepositoryConfigurationDelegate : Bootstrapping Spring Data MongoDB repositories in DEFAULT mode.
2026-09-06T19:21:09.736-05:00  INFO 103365 --- [           main] .s.d.r.c.RepositoryConfigurationDelegate : Finished Spring Data repository scanning in 45 ms. Found 8 MongoDB repository interfaces.
2026-09-06T19:21:10.863-05:00  INFO 103365 --- [           main] org.mongodb.driver.client                : MongoClient with metadata {"driver": {"name": "mongo-java-driver|sync|spring-boot", "version": "5.2.1"}, "os": {"type": "Linux", "name": "Linux", "architecture": "amd64", "version": "7.2.2-1-cachyos"}, "platform": "Java/Arch Linux/21.0.12+8"} created with settings MongoClientSettings{readPreference=primary, writeConcern=WriteConcern{w=null, wTimeout=null ms, journal=null}, retryWrites=true, retryReads=true, readConcern=ReadConcern{level=null}, credential=null, transportSettings=null, commandListeners=[], codecRegistry=ProvidersCodecRegistry{codecProviders=[ValueCodecProvider{}, BsonValueCodecProvider{}, DBRefCodecProvider{}, DBObjectCodecProvider{}, DocumentCodecProvider{}, CollectionCodecProvider{}, IterableCodecProvider{}, MapCodecProvider{}, GeoJsonCodecProvider{}, GridFSFileCodecProvider{}, Jsr310CodecProvider{}, JsonObjectCodecProvider{}, BsonCodecProvider{}, EnumCodecProvider{}, com.mongodb.client.model.mql.ExpressionCodecProvider@484b5a21, com.mongodb.Jep395RecordCodecProvider@16e5344c, com.mongodb.KotlinCodecProvider@3ba5c4dd]}, loggerSettings=LoggerSettings{maxDocumentLength=1000}, clusterSettings={hosts=[localhost:32912], srvServiceName=mongodb, mode=SINGLE, requiredClusterType=UNKNOWN, requiredReplicaSetName='null', serverSelector='null', clusterListeners='[]', serverSelectionTimeout='30000 ms', localThreshold='15 ms'}, socketSettings=SocketSettings{connectTimeoutMS=10000, readTimeoutMS=0, receiveBufferSize=0, proxySettings=ProxySettings{host=null, port=null, username=null, password=null}}, heartbeatSocketSettings=SocketSettings{connectTimeoutMS=10000, readTimeoutMS=10000, receiveBufferSize=0, proxySettings=ProxySettings{host=null, port=null, username=null, password=null}}, connectionPoolSettings=ConnectionPoolSettings{maxSize=100, minSize=0, maxWaitTimeMS=120000, maxConnectionLifeTimeMS=0, maxConnectionIdleTimeMS=0, maintenanceInitialDelayMS=0, maintenanceFrequencyMS=60000, connectionPoolListeners=[], maxConnecting=2}, serverSettings=ServerSettings{heartbeatFrequencyMS=10000, minHeartbeatFrequencyMS=500, serverMonitoringMode=AUTO, serverListeners='[]', serverMonitorListeners='[]'}, sslSettings=SslSettings{enabled=false, invalidHostNameAllowed=false, context=null}, applicationName='null', compressorList=[], uuidRepresentation=JAVA_LEGACY, serverApi=null, autoEncryptionSettings=null, dnsClient=null, inetAddressResolver=null, contextProvider=null, timeoutMS=null}
2026-09-06T19:21:10.895-05:00  INFO 103365 --- [localhost:32912] org.mongodb.driver.cluster               : Monitor thread successfully connected to server with description ServerDescription{address=localhost:32912, type=REPLICA_SET_PRIMARY, cryptd=false, state=CONNECTED, ok=true, minWireVersion=0, maxWireVersion=17, maxDocumentSize=16777216, logicalSessionTimeoutMinutes=30, roundTripTimeNanos=24076562, minRoundTripTimeNanos=0, setName='rs0', canonicalAddress=eb96e30392de:27017, hosts=[eb96e30392de:27017], passives=[], arbiters=[], primary='eb96e30392de:27017', tagSet=TagSet{[]}, electionId=7fffffff0000000000000001, setVersion=1, topologyVersion=TopologyVersion{processId=6a9e0374f3fb8347cab5973c, counter=6}, lastWriteDate=Sun Sep 06 19:21:09 COT 2026, lastUpdateTimeNanos=8364420270608}
2026-09-06T19:21:11.608-05:00  INFO 103365 --- [           main] .c.a.p.DonationProjectionIntegrationTest : Started DonationProjectionIntegrationTest in 2.339 seconds (process running for 5.211)
]]></system-out>
    <system-err><![CDATA[Mockito is currently self-attaching to enable the inline-mock-maker. This will no longer work in future releases of the JDK. Please add Mockito as an agent to your build what is described in Mockito's documentation: https://javadoc.io/doc/org.mockito/mockito-core/latest/org/mockito/Mockito.html#0.3
WARNING: A Java agent has been loaded dynamically (/home/carlos/.m2/repository/net/bytebuddy/byte-buddy-agent/1.15.11/byte-buddy-agent-1.15.11.jar)
WARNING: If a serviceability tool is in use, please run with -XX:+EnableDynamicAgentLoading to hide this warning
WARNING: If a serviceability tool is not in use, please run with -Djdk.instrument.traceUsage for more information
WARNING: Dynamic loading of agents will be disallowed by default in a future release
]]></system-err>
  </testcase>
  <testcase name="testA4_AssetReceivedWithoutReceiverRef" classname="com.traceability.core.application.projection.DonationProjectionIntegrationTest" time="0.168"/>
  <testcase name="testA1_AssetCustodyTransferred" classname="com.traceability.core.application.projection.DonationProjectionIntegrationTest" time="0.078"/>
  <testcase name="testB5_AllocationActionOnNonExistent" classname="com.traceability.core.application.projection.DonationProjectionIntegrationTest" time="0.038">
    <system-out><![CDATA[2026-09-06T19:21:12.130-05:00  WARN 103365 --- [           main] c.t.c.a.p.DonationProjectionHandler      : AllocationConfirmed for non-existent allocationId: A-INVALID
2026-09-06T19:21:12.138-05:00  WARN 103365 --- [           main] c.t.c.a.p.DonationProjectionHandler      : AllocationReversed for non-existent allocationId: A-INVALID
]]></system-out>
  </testcase>
  <testcase name="testC3_RetroactiveReconstruction" classname="com.traceability.core.application.projection.DonationProjectionIntegrationTest" time="1.237"/>
  <testcase name="testB2_AssetSplitCompensated" classname="com.traceability.core.application.projection.DonationProjectionIntegrationTest" time="0.108"/>
  <testcase name="testB1_AllocationRequestedPendingStatus" classname="com.traceability.core.application.projection.DonationProjectionIntegrationTest" time="0.033"/>
  <testcase name="testB1_AssetDepleted" classname="com.traceability.core.application.projection.DonationProjectionIntegrationTest" time="0.094"/>
  <testcase name="testRebuildWithConcurrentEvent" classname="com.traceability.core.application.projection.DonationProjectionIntegrationTest" time="4.297"/>
  <testcase name="testD2_RebuildAllocationStatusFix" classname="com.traceability.core.application.projection.DonationProjectionIntegrationTest" time="1.119"/>
  <testcase name="testC1_RebuildFromScratch" classname="com.traceability.core.application.projection.DonationProjectionIntegrationTest" time="1.269"/>
  <testcase name="testHallazgo4_GenesisCompleteness_PropagatesCurrencyAndCampaign" classname="com.traceability.core.application.projection.DonationProjectionIntegrationTest" time="0.022"/>
  <testcase name="testHallazgo4_Privacy_DonorRefIsNeverPersistedInRawMongo" classname="com.traceability.core.application.projection.DonationProjectionIntegrationTest" time="0.021"/>
  <testcase name="testGapAndRetry" classname="com.traceability.core.application.projection.DonationProjectionIntegrationTest" time="0.159"/>
  <testcase name="testStuckProcessingRescue" classname="com.traceability.core.application.projection.DonationProjectionIntegrationTest" time="0.132"/>
  <testcase name="testB2_AllocationConfirmedStatus" classname="com.traceability.core.application.projection.DonationProjectionIntegrationTest" time="0.035"/>
  <testcase name="testA3_AssetReceivedWithReceiverRef" classname="com.traceability.core.application.projection.DonationProjectionIntegrationTest" time="0.064"/>
  <testcase name="testB3_AllocationReversedFromPending" classname="com.traceability.core.application.projection.DonationProjectionIntegrationTest" time="0.033"/>
  <testcase name="testA2_FundsClearedGenesisOriginalAmount" classname="com.traceability.core.application.projection.DonationProjectionIntegrationTest" time="0.022"/>
  <testcase name="testD1_RebuildOriginalAmountFix" classname="com.traceability.core.application.projection.DonationProjectionIntegrationTest" time="1.102"/>
  <testcase name="testPauseAndResume" classname="com.traceability.core.application.projection.DonationProjectionIntegrationTest" time="0.079"/>
  <testcase name="testDuplicateEventIdempotency" classname="com.traceability.core.application.projection.DonationProjectionIntegrationTest" time="0.024"/>
  <testcase name="testA2_AssetDelivered" classname="com.traceability.core.application.projection.DonationProjectionIntegrationTest" time="0.113"/>
  <testcase name="testB4_AllocationReversedFromConfirmed" classname="com.traceability.core.application.projection.DonationProjectionIntegrationTest" time="0.041"/>
  <testcase name="testA1_FundRegisteredOriginalAmount" classname="com.traceability.core.application.projection.DonationProjectionIntegrationTest" time="0.023"/>
  <testcase name="testAssetSplit" classname="com.traceability.core.application.projection.DonationProjectionIntegrationTest" time="0.083"/>
  <testcase name="testC2_NoPersistedAggregatedField" classname="com.traceability.core.application.projection.DonationProjectionIntegrationTest" time="0.032"/>
  <testcase name="testD3_RebuildIdempotency" classname="com.traceability.core.application.projection.DonationProjectionIntegrationTest" time="3.17"/>
  <testcase name="testC2_RebuildIdempotency" classname="com.traceability.core.application.projection.DonationProjectionIntegrationTest" time="3.338"/>
  <testcase name="testC1_ConfirmedAmountCalculation" classname="com.traceability.core.application.projection.DonationProjectionIntegrationTest" time="0.049"/>
</testsuite>