<?xml version="1.0" encoding="UTF-8"?>
<testsuite xmlns:xsi="http://www.w3.org/2001/XMLSchema-instance" xsi:noNamespaceSchemaLocation="https://maven.apache.org/surefire/maven-surefire-plugin/xsd/surefire-test-report.xsd" version="3.0.2" name="com.traceability.core.infrastructure.persistence.mongo.MongoEventStoreAdapterTest" time="8.439" tests="7" errors="0" skipped="0" failures="0">
  <properties>
[...]
</properties>
  <testcase name="testAppend_ConcurrencyConflict" classname="com.traceability.core.infrastructure.persistence.mongo.MongoEventStoreAdapterTest" time="0.936">
    <system-out><![CDATA[13:57:43.563 [main] INFO org.testcontainers.images.PullPolicy -- Image pull policy will be performed by: DefaultPullPolicy()
13:57:43.569 [main] INFO org.testcontainers.utility.ImageNameSubstitutor -- Image name substitution will be performed by: DefaultImageNameSubstitutor (composite of 'ConfigurationFileImageNameSubstitutor' and 'PrefixingImageNameSubstitutor')
13:57:43.596 [main] INFO org.testcontainers.DockerClientFactory -- Testcontainers version: 1.20.6
13:57:43.761 [main] INFO org.testcontainers.dockerclient.DockerClientProviderStrategy -- Loaded org.testcontainers.dockerclient.UnixSocketClientProviderStrategy from ~/.testcontainers.properties, will try it first
13:57:44.073 [main] INFO org.testcontainers.dockerclient.DockerClientProviderStrategy -- Found Docker environment with local Unix socket (unix:///var/run/docker.sock)
13:57:44.075 [main] INFO org.testcontainers.DockerClientFactory -- Docker host IP address is localhost
13:57:44.094 [main] INFO org.testcontainers.DockerClientFactory -- Connected to docker: 
  Server Version: 29.7.2
  API Version: 1.55
  Operating System: CachyOS
  Total Memory: 15379 MB
13:57:44.147 [main] INFO tc.testcontainers/ryuk:0.11.0 -- Creating container for image: testcontainers/ryuk:0.11.0
13:57:44.152 [main] INFO org.testcontainers.utility.RegistryAuthLocator -- Failure when attempting to lookup auth config. Please ignore if you don't have images in an authenticated registry. Details: (dockerImageName: testcontainers/ryuk:0.11.0, configFile: /home/carlos/.docker/config.json, configEnv: DOCKER_AUTH_CONFIG). Falling back to docker-java default behaviour. Exception message: Status 404: No config supplied. Checked in order: /home/carlos/.docker/config.json (file not found), DOCKER_AUTH_CONFIG (not set)
13:57:44.827 [main] INFO tc.testcontainers/ryuk:0.11.0 -- Container testcontainers/ryuk:0.11.0 is starting: bb44c6ca77cd0a68e8e29c2726a47809cc2b0aafe60d6de057811a7caebf1826
13:57:45.261 [main] INFO tc.testcontainers/ryuk:0.11.0 -- Container testcontainers/ryuk:0.11.0 started in PT1.114401858S
13:57:45.267 [main] INFO org.testcontainers.utility.RyukResourceReaper -- Ryuk started - will monitor and terminate Testcontainers containers on JVM exit
13:57:45.268 [main] INFO org.testcontainers.DockerClientFactory -- Checking the system...
13:57:45.268 [main] INFO org.testcontainers.DockerClientFactory -- ✔︎ Docker server version should be at least 1.6.0
13:57:45.269 [main] INFO tc.mongo:6.0 -- Creating container for image: mongo:6.0
13:57:45.445 [main] INFO tc.mongo:6.0 -- Container mongo:6.0 is starting: c5a4b22f741561b0ada7e1c47ad12d9d7fb1a5327abd66569695c35edd5d3000
13:57:46.184 [main] INFO tc.mongo:6.0 -- Container mongo:6.0 started in PT0.914873575S

  .   ____          _            __ _ _
 /\\ / ___'_ __ _ _(_)_ __  __ _ \ \ \ \
( ( )\___ | '_ | '_| | '_ \/ _` | \ \ \ \
 \\/  ___)| |_)| | | | | || (_| |  ) ) ) )
  '  |____| .__|_| |_|_| |_\__, | / / / /
 =========|_|==============|___/=/_/_/_/

 :: Spring Boot ::                (v3.4.4)

2026-09-01T13:57:47.970-05:00  INFO 50734 --- [           main] c.t.c.i.p.m.MongoEventStoreAdapterTest   : Starting MongoEventStoreAdapterTest using Java 21.0.12 with PID 50734 (started by carlos in /home/carlos/Proyectos/Donaciones/core)
2026-09-01T13:57:47.972-05:00  INFO 50734 --- [           main] c.t.c.i.p.m.MongoEventStoreAdapterTest   : No active profile set, falling back to 1 default profile: "default"
2026-09-01T13:57:48.364-05:00  INFO 50734 --- [           main] .s.d.r.c.RepositoryConfigurationDelegate : Bootstrapping Spring Data MongoDB repositories in DEFAULT mode.
2026-09-01T13:57:48.442-05:00  INFO 50734 --- [           main] .s.d.r.c.RepositoryConfigurationDelegate : Finished Spring Data repository scanning in 71 ms. Found 6 MongoDB repository interfaces.
2026-09-01T13:57:49.103-05:00  INFO 50734 --- [           main] org.mongodb.driver.client                : MongoClient with metadata {"driver": {"name": "mongo-java-driver|sync|spring-boot", "version": "5.2.1"}, "os": {"type": "Linux", "name": "Linux", "architecture": "amd64", "version": "7.2.2-1-cachyos"}, "platform": "Java/Arch Linux/21.0.12+8"} created with settings MongoClientSettings{readPreference=primary, writeConcern=WriteConcern{w=null, wTimeout=null ms, journal=null}, retryWrites=true, retryReads=true, readConcern=ReadConcern{level=null}, credential=null, transportSettings=null, commandListeners=[], codecRegistry=ProvidersCodecRegistry{codecProviders=[ValueCodecProvider{}, BsonValueCodecProvider{}, DBRefCodecProvider{}, DBObjectCodecProvider{}, DocumentCodecProvider{}, CollectionCodecProvider{}, IterableCodecProvider{}, MapCodecProvider{}, GeoJsonCodecProvider{}, GridFSFileCodecProvider{}, Jsr310CodecProvider{}, JsonObjectCodecProvider{}, BsonCodecProvider{}, EnumCodecProvider{}, com.mongodb.client.model.mql.ExpressionCodecProvider@7f51f588, com.mongodb.Jep395RecordCodecProvider@6fb22ae3, com.mongodb.KotlinCodecProvider@6bd92538]}, loggerSettings=LoggerSettings{maxDocumentLength=1000}, clusterSettings={hosts=[localhost:32789], srvServiceName=mongodb, mode=SINGLE, requiredClusterType=UNKNOWN, requiredReplicaSetName='null', serverSelector='null', clusterListeners='[]', serverSelectionTimeout='30000 ms', localThreshold='15 ms'}, socketSettings=SocketSettings{connectTimeoutMS=10000, readTimeoutMS=0, receiveBufferSize=0, proxySettings=ProxySettings{host=null, port=null, username=null, password=null}}, heartbeatSocketSettings=SocketSettings{connectTimeoutMS=10000, readTimeoutMS=10000, receiveBufferSize=0, proxySettings=ProxySettings{host=null, port=null, username=null, password=null}}, connectionPoolSettings=ConnectionPoolSettings{maxSize=100, minSize=0, maxWaitTimeMS=120000, maxConnectionLifeTimeMS=0, maxConnectionIdleTimeMS=0, maintenanceInitialDelayMS=0, maintenanceFrequencyMS=60000, connectionPoolListeners=[], maxConnecting=2}, serverSettings=ServerSettings{heartbeatFrequencyMS=10000, minHeartbeatFrequencyMS=500, serverMonitoringMode=AUTO, serverListeners='[]', serverMonitorListeners='[]'}, sslSettings=SslSettings{enabled=false, invalidHostNameAllowed=false, context=null}, applicationName='null', compressorList=[], uuidRepresentation=JAVA_LEGACY, serverApi=null, autoEncryptionSettings=null, dnsClient=null, inetAddressResolver=null, contextProvider=null, timeoutMS=null}
2026-09-01T13:57:49.137-05:00  INFO 50734 --- [localhost:32789] org.mongodb.driver.cluster               : Monitor thread successfully connected to server with description ServerDescription{address=localhost:32789, type=REPLICA_SET_PRIMARY, cryptd=false, state=CONNECTED, ok=true, minWireVersion=0, maxWireVersion=17, maxDocumentSize=16777216, logicalSessionTimeoutMinutes=30, roundTripTimeNanos=25472678, minRoundTripTimeNanos=0, setName='rs0', canonicalAddress=c5a4b22f7415:27017, hosts=[c5a4b22f7415:27017], passives=[], arbiters=[], primary='c5a4b22f7415:27017', tagSet=TagSet{[]}, electionId=7fffffff0000000000000001, setVersion=1, topologyVersion=TopologyVersion{processId=6a9720297aa9467e32d0567a, counter=6}, lastWriteDate=Tue Sep 01 13:57:47 COT 2026, lastUpdateTimeNanos=5629624918712}
2026-09-01T13:57:49.849-05:00  INFO 50734 --- [           main] c.t.c.i.p.m.MongoEventStoreAdapterTest   : Started MongoEventStoreAdapterTest in 2.152 seconds (process running for 7.424)
]]></system-out>
    <system-err><![CDATA[Mockito is currently self-attaching to enable the inline-mock-maker. This will no longer work in future releases of the JDK. Please add Mockito as an agent to your build what is described in Mockito's documentation: https://javadoc.io/doc/org.mockito/mockito-core/latest/org/mockito/Mockito.html#0.3
WARNING: A Java agent has been loaded dynamically (/home/carlos/.m2/repository/net/bytebuddy/byte-buddy-agent/1.15.11/byte-buddy-agent-1.15.11.jar)
WARNING: If a serviceability tool is in use, please run with -XX:+EnableDynamicAgentLoading to hide this warning
WARNING: If a serviceability tool is not in use, please run with -Djdk.instrument.traceUsage for more information
WARNING: Dynamic loading of agents will be disallowed by default in a future release
]]></system-err>
  </testcase>
  <testcase name="testAppend_ChainedEvent_UsesPreviousHash" classname="com.traceability.core.infrastructure.persistence.mongo.MongoEventStoreAdapterTest" time="0.09"/>
  <testcase name="testLoadStream_Ordering" classname="com.traceability.core.infrastructure.persistence.mongo.MongoEventStoreAdapterTest" time="0.082"/>
  <testcase name="testAppend_SequenceGap" classname="com.traceability.core.infrastructure.persistence.mongo.MongoEventStoreAdapterTest" time="0.061"/>
  <testcase name="testReplayRealE2E" classname="com.traceability.core.infrastructure.persistence.mongo.MongoEventStoreAdapterTest" time="0.106"/>
  <testcase name="testTransactionalRollback" classname="com.traceability.core.infrastructure.persistence.mongo.MongoEventStoreAdapterTest" time="0.12"/>
  <testcase name="testAppend_GenesisEvent_UsesGenesisHash" classname="com.traceability.core.infrastructure.persistence.mongo.MongoEventStoreAdapterTest" time="0.062"/>
</testsuite>